<?xml version="1.0" encoding="UTF-8"?>
<coverage generated="1569571453968" clover="3.2.0">
  <project timestamp="1569571453968" name="All files">
    <metrics statements="60" coveredstatements="58" conditionals="38" coveredconditionals="35" methods="13" coveredmethods="10" elements="111" coveredelements="103" complexity="0" loc="60" ncloc="60" packages="1" files="2" classes="2"/>
    <file name="interval.js" path="/home/siva/Documents/testunit/tp-jest/src/interval.js">
      <metrics statements="11" coveredstatements="9" conditionals="10" coveredconditionals="7" methods="7" coveredmethods="4"/>
      <line num="3" count="11" type="stmt"/>
      <line num="4" count="11" type="stmt"/>
      <line num="8" count="0" type="stmt"/>
      <line num="26" count="3" type="cond" truecount="2" falsecount="0"/>
      <line num="46" count="2" type="cond" truecount="2" falsecount="0"/>
      <line num="66" count="1" type="stmt"/>
      <line num="67" count="1" type="cond" truecount="1" falsecount="1"/>
      <line num="68" count="1" type="cond" truecount="2" falsecount="2"/>
      <line num="70" count="0" type="stmt"/>
      <line num="72" count="1" type="stmt"/>
      <line num="116" count="1" type="stmt"/>
    </file>
    <file name="math.js" path="/home/siva/Documents/testunit/tp-jest/src/math.js">
      <metrics statements="49" coveredstatements="49" conditionals="28" coveredconditionals="28" methods="6" coveredmethods="6"/>
      <line num="1" count="1" type="stmt"/>
      <line num="2" count="1" type="stmt"/>
      <line num="3" count="11" type="cond" truecount="2" falsecount="0"/>
      <line num="4" count="3" type="stmt"/>
      <line num="7" count="8" type="cond" truecount="2" falsecount="0"/>
      <line num="8" count="1" type="stmt"/>
      <line num="11" count="7" type="cond" truecount="2" falsecount="0"/>
      <line num="12" count="1" type="stmt"/>
      <line num="15" count="6" type="stmt"/>
      <line num="26" count="1" type="stmt"/>
      <line num="27" count="21" type="cond" truecount="4" falsecount="0"/>
      <line num="28" count="2" type="stmt"/>
      <line num="30" count="19" type="cond" truecount="2" falsecount="0"/>
      <line num="31" count="1" type="stmt"/>
      <line num="33" count="18" type="stmt"/>
      <line num="34" count="92" type="cond" truecount="2" falsecount="0"/>
      <line num="35" count="11" type="stmt"/>
      <line num="49" count="1" type="stmt"/>
      <line num="50" count="2" type="stmt"/>
      <line num="51" count="2" type="stmt"/>
      <line num="52" count="12" type="cond" truecount="2" falsecount="0"/>
      <line num="53" count="7" type="stmt"/>
      <line num="56" count="2" type="stmt"/>
      <line num="71" count="1" type="stmt"/>
      <line num="72" count="1" type="stmt"/>
      <line num="73" count="1" type="stmt"/>
      <line num="74" count="15" type="cond" truecount="2" falsecount="0"/>
      <line num="75" count="14" type="cond" truecount="2" falsecount="0"/>
      <line num="76" count="10" type="cond" truecount="2" falsecount="0"/>
      <line num="77" count="8" type="stmt"/>
      <line num="79" count="1" type="stmt"/>
      <line num="91" count="1" type="stmt"/>
      <line num="92" count="2" type="stmt"/>
      <line num="94" count="2" type="stmt"/>
      <line num="95" count="16" type="cond" truecount="2" falsecount="0"/>
      <line num="96" count="1" type="stmt"/>
      <line num="97" count="15" type="cond" truecount="2" falsecount="0"/>
      <line num="98" count="2" type="stmt"/>
      <line num="100" count="13" type="stmt"/>
      <line num="104" count="2" type="stmt"/>
      <line num="119" count="1" type="stmt"/>
      <line num="120" count="3" type="stmt"/>
      <line num="121" count="3" type="stmt"/>
      <line num="123" count="3" type="stmt"/>
      <line num="124" count="7" type="stmt"/>
      <line num="125" count="14" type="cond" truecount="2" falsecount="0"/>
      <line num="126" count="6" type="stmt"/>
      <line num="131" count="3" type="stmt"/>
      <line num="134" count="1" type="stmt"/>
    </file>
  </project>
</coverage>
