{"/home/siva/Documents/testunit/tp-jest/src/interval.js": {"path":"/home/siva/Documents/testunit/tp-jest/src/interval.js","statementMap":{"0":{"start":{"line":3,"column":8},"end":{"line":3,"column":27}},"1":{"start":{"line":4,"column":8},"end":{"line":4,"column":22}},"2":{"start":{"line":8,"column":8},"end":{"line":8,"column":55}},"3":{"start":{"line":26,"column":8},"end":{"line":26,"column":70}},"4":{"start":{"line":46,"column":8},"end":{"line":46,"column":70}},"5":{"start":{"line":66,"column":18},"end":{"line":66,"column":20}},"6":{"start":{"line":67,"column":8},"end":{"line":71,"column":9}},"7":{"start":{"line":68,"column":12},"end":{"line":68,"column":149}},"8":{"start":{"line":70,"column":12},"end":{"line":70,"column":37}},"9":{"start":{"line":72,"column":8},"end":{"line":72,"column":19}},"10":{"start":{"line":116,"column":0},"end":{"line":116,"column":26}}},"fnMap":{"0":{"name":"(anonymous_0)","decl":{"start":{"line":2,"column":4},"end":{"line":2,"column":5}},"loc":{"start":{"line":2,"column":28},"end":{"line":5,"column":5}},"line":2},"1":{"name":"(anonymous_1)","decl":{"start":{"line":7,"column":4},"end":{"line":7,"column":5}},"loc":{"start":{"line":7,"column":15},"end":{"line":9,"column":5}},"line":7},"2":{"name":"(anonymous_2)","decl":{"start":{"line":25,"column":4},"end":{"line":25,"column":5}},"loc":{"start":{"line":25,"column":23},"end":{"line":27,"column":5}},"line":25},"3":{"name":"(anonymous_3)","decl":{"start":{"line":45,"column":4},"end":{"line":45,"column":5}},"loc":{"start":{"line":45,"column":23},"end":{"line":47,"column":5}},"line":45},"4":{"name":"(anonymous_4)","decl":{"start":{"line":65,"column":4},"end":{"line":65,"column":5}},"loc":{"start":{"line":65,"column":20},"end":{"line":73,"column":5}},"line":65},"5":{"name":"(anonymous_5)","decl":{"start":{"line":91,"column":4},"end":{"line":91,"column":5}},"loc":{"start":{"line":91,"column":27},"end":{"line":93,"column":5}},"line":91},"6":{"name":"(anonymous_6)","decl":{"start":{"line":111,"column":4},"end":{"line":111,"column":5}},"loc":{"start":{"line":111,"column":24},"end":{"line":113,"column":5}},"line":111}},"branchMap":{"0":{"loc":{"start":{"line":26,"column":15},"end":{"line":26,"column":69}},"type":"binary-expr","locations":[{"start":{"line":26,"column":15},"end":{"line":26,"column":40}},{"start":{"line":26,"column":44},"end":{"line":26,"column":69}}],"line":26},"1":{"loc":{"start":{"line":46,"column":15},"end":{"line":46,"column":69}},"type":"binary-expr","locations":[{"start":{"line":46,"column":15},"end":{"line":46,"column":42}},{"start":{"line":46,"column":46},"end":{"line":46,"column":69}}],"line":46},"2":{"loc":{"start":{"line":67,"column":8},"end":{"line":71,"column":9}},"type":"if","locations":[{"start":{"line":67,"column":8},"end":{"line":71,"column":9}},{"start":{"line":67,"column":8},"end":{"line":71,"column":9}}],"line":67},"3":{"loc":{"start":{"line":68,"column":35},"end":{"line":68,"column":92}},"type":"cond-expr","locations":[{"start":{"line":68,"column":65},"end":{"line":68,"column":75}},{"start":{"line":68,"column":78},"end":{"line":68,"column":92}}],"line":68},"4":{"loc":{"start":{"line":68,"column":95},"end":{"line":68,"column":145}},"type":"cond-expr","locations":[{"start":{"line":68,"column":122},"end":{"line":68,"column":130}},{"start":{"line":68,"column":133},"end":{"line":68,"column":145}}],"line":68}},"s":{"0":11,"1":11,"2":0,"3":3,"4":2,"5":1,"6":1,"7":1,"8":0,"9":1,"10":1},"f":{"0":11,"1":0,"2":3,"3":2,"4":1,"5":0,"6":0},"b":{"0":[3,2],"1":[2,2],"2":[1,0],"3":[1,0],"4":[1,0]},"_coverageSchema":"43e27e138ebf9cfc5966b082cf9a028302ed4184","hash":"7e9a8ae134cfefc49f684f8a27ed69666e2dd24f"}
,"/home/siva/Documents/testunit/tp-jest/src/math.js": {"path":"/home/siva/Documents/testunit/tp-jest/src/math.js","statementMap":{"0":{"start":{"line":1,"column":11},"end":{"line":1,"column":13}},"1":{"start":{"line":2,"column":0},"end":{"line":16,"column":2}},"2":{"start":{"line":3,"column":4},"end":{"line":5,"column":5}},"3":{"start":{"line":4,"column":8},"end":{"line":4,"column":17}},"4":{"start":{"line":7,"column":4},"end":{"line":9,"column":5}},"5":{"start":{"line":8,"column":8},"end":{"line":8,"column":27}},"6":{"start":{"line":11,"column":4},"end":{"line":13,"column":5}},"7":{"start":{"line":12,"column":8},"end":{"line":12,"column":29}},"8":{"start":{"line":15,"column":4},"end":{"line":15,"column":37}},"9":{"start":{"line":26,"column":0},"end":{"line":37,"column":2}},"10":{"start":{"line":27,"column":4},"end":{"line":29,"column":5}},"11":{"start":{"line":28,"column":8},"end":{"line":28,"column":21}},"12":{"start":{"line":30,"column":4},"end":{"line":32,"column":5}},"13":{"start":{"line":31,"column":8},"end":{"line":31,"column":49}},"14":{"start":{"line":33,"column":4},"end":{"line":34,"column":38}},"15":{"start":{"line":33,"column":17},"end":{"line":33,"column":18}},"16":{"start":{"line":34,"column":8},"end":{"line":34,"column":38}},"17":{"start":{"line":34,"column":25},"end":{"line":34,"column":38}},"18":{"start":{"line":35,"column":4},"end":{"line":35,"column":16}},"19":{"start":{"line":49,"column":0},"end":{"line":57,"column":2}},"20":{"start":{"line":50,"column":13},"end":{"line":50,"column":14}},"21":{"start":{"line":51,"column":1},"end":{"line":55,"column":2}},"22":{"start":{"line":51,"column":13},"end":{"line":51,"column":14}},"23":{"start":{"line":52,"column":2},"end":{"line":54,"column":3}},"24":{"start":{"line":53,"column":3},"end":{"line":53,"column":14}},"25":{"start":{"line":56,"column":1},"end":{"line":56,"column":14}},"26":{"start":{"line":71,"column":0},"end":{"line":80,"column":2}},"27":{"start":{"line":72,"column":13},"end":{"line":72,"column":15}},"28":{"start":{"line":73,"column":1},"end":{"line":78,"column":2}},"29":{"start":{"line":73,"column":12},"end":{"line":73,"column":13}},"30":{"start":{"line":74,"column":2},"end":{"line":77,"column":21}},"31":{"start":{"line":74,"column":19},"end":{"line":74,"column":42}},"32":{"start":{"line":75,"column":7},"end":{"line":77,"column":21}},"33":{"start":{"line":75,"column":23},"end":{"line":75,"column":42}},"34":{"start":{"line":76,"column":7},"end":{"line":77,"column":21}},"35":{"start":{"line":76,"column":23},"end":{"line":76,"column":42}},"36":{"start":{"line":77,"column":7},"end":{"line":77,"column":21}},"37":{"start":{"line":79,"column":1},"end":{"line":79,"column":14}},"38":{"start":{"line":91,"column":0},"end":{"line":105,"column":2}},"39":{"start":{"line":92,"column":16},"end":{"line":92,"column":18}},"40":{"start":{"line":94,"column":1},"end":{"line":102,"column":2}},"41":{"start":{"line":94,"column":13},"end":{"line":94,"column":14}},"42":{"start":{"line":95,"column":2},"end":{"line":101,"column":3}},"43":{"start":{"line":96,"column":3},"end":{"line":96,"column":25}},"44":{"start":{"line":97,"column":9},"end":{"line":101,"column":3}},"45":{"start":{"line":98,"column":3},"end":{"line":98,"column":78}},"46":{"start":{"line":100,"column":3},"end":{"line":100,"column":78}},"47":{"start":{"line":104,"column":1},"end":{"line":104,"column":17}},"48":{"start":{"line":119,"column":0},"end":{"line":132,"column":2}},"49":{"start":{"line":120,"column":12},"end":{"line":120,"column":24}},"50":{"start":{"line":121,"column":25},"end":{"line":121,"column":26}},"51":{"start":{"line":123,"column":4},"end":{"line":129,"column":4}},"52":{"start":{"line":123,"column":14},"end":{"line":123,"column":15}},"53":{"start":{"line":124,"column":7},"end":{"line":128,"column":7}},"54":{"start":{"line":124,"column":17},"end":{"line":124,"column":20}},"55":{"start":{"line":125,"column":9},"end":{"line":127,"column":9}},"56":{"start":{"line":126,"column":11},"end":{"line":126,"column":30}},"57":{"start":{"line":131,"column":3},"end":{"line":131,"column":25}},"58":{"start":{"line":134,"column":0},"end":{"line":134,"column":22}}},"fnMap":{"0":{"name":"(anonymous_0)","decl":{"start":{"line":2,"column":17},"end":{"line":2,"column":18}},"loc":{"start":{"line":2,"column":24},"end":{"line":16,"column":1}},"line":2},"1":{"name":"(anonymous_1)","decl":{"start":{"line":26,"column":15},"end":{"line":26,"column":16}},"loc":{"start":{"line":26,"column":28},"end":{"line":37,"column":1}},"line":26},"2":{"name":"(anonymous_2)","decl":{"start":{"line":49,"column":16},"end":{"line":49,"column":17}},"loc":{"start":{"line":49,"column":28},"end":{"line":57,"column":1}},"line":49},"3":{"name":"(anonymous_3)","decl":{"start":{"line":71,"column":16},"end":{"line":71,"column":17}},"loc":{"start":{"line":71,"column":28},"end":{"line":80,"column":1}},"line":71},"4":{"name":"(anonymous_4)","decl":{"start":{"line":91,"column":14},"end":{"line":91,"column":15}},"loc":{"start":{"line":91,"column":32},"end":{"line":105,"column":1}},"line":91},"5":{"name":"(anonymous_5)","decl":{"start":{"line":119,"column":13},"end":{"line":119,"column":14}},"loc":{"start":{"line":119,"column":29},"end":{"line":132,"column":1}},"line":119}},"branchMap":{"0":{"loc":{"start":{"line":3,"column":4},"end":{"line":5,"column":5}},"type":"if","locations":[{"start":{"line":3,"column":4},"end":{"line":5,"column":5}},{"start":{"line":3,"column":4},"end":{"line":5,"column":5}}],"line":3},"1":{"loc":{"start":{"line":7,"column":4},"end":{"line":9,"column":5}},"type":"if","locations":[{"start":{"line":7,"column":4},"end":{"line":9,"column":5}},{"start":{"line":7,"column":4},"end":{"line":9,"column":5}}],"line":7},"2":{"loc":{"start":{"line":11,"column":4},"end":{"line":13,"column":5}},"type":"if","locations":[{"start":{"line":11,"column":4},"end":{"line":13,"column":5}},{"start":{"line":11,"column":4},"end":{"line":13,"column":5}}],"line":11},"3":{"loc":{"start":{"line":27,"column":4},"end":{"line":29,"column":5}},"type":"if","locations":[{"start":{"line":27,"column":4},"end":{"line":29,"column":5}},{"start":{"line":27,"column":4},"end":{"line":29,"column":5}}],"line":27},"4":{"loc":{"start":{"line":27,"column":8},"end":{"line":27,"column":26}},"type":"binary-expr","locations":[{"start":{"line":27,"column":8},"end":{"line":27,"column":15}},{"start":{"line":27,"column":19},"end":{"line":27,"column":26}}],"line":27},"5":{"loc":{"start":{"line":30,"column":4},"end":{"line":32,"column":5}},"type":"if","locations":[{"start":{"line":30,"column":4},"end":{"line":32,"column":5}},{"start":{"line":30,"column":4},"end":{"line":32,"column":5}}],"line":30},"6":{"loc":{"start":{"line":34,"column":8},"end":{"line":34,"column":38}},"type":"if","locations":[{"start":{"line":34,"column":8},"end":{"line":34,"column":38}},{"start":{"line":34,"column":8},"end":{"line":34,"column":38}}],"line":34},"7":{"loc":{"start":{"line":52,"column":2},"end":{"line":54,"column":3}},"type":"if","locations":[{"start":{"line":52,"column":2},"end":{"line":54,"column":3}},{"start":{"line":52,"column":2},"end":{"line":54,"column":3}}],"line":52},"8":{"loc":{"start":{"line":74,"column":2},"end":{"line":77,"column":21}},"type":"if","locations":[{"start":{"line":74,"column":2},"end":{"line":77,"column":21}},{"start":{"line":74,"column":2},"end":{"line":77,"column":21}}],"line":74},"9":{"loc":{"start":{"line":75,"column":7},"end":{"line":77,"column":21}},"type":"if","locations":[{"start":{"line":75,"column":7},"end":{"line":77,"column":21}},{"start":{"line":75,"column":7},"end":{"line":77,"column":21}}],"line":75},"10":{"loc":{"start":{"line":76,"column":7},"end":{"line":77,"column":21}},"type":"if","locations":[{"start":{"line":76,"column":7},"end":{"line":77,"column":21}},{"start":{"line":76,"column":7},"end":{"line":77,"column":21}}],"line":76},"11":{"loc":{"start":{"line":95,"column":2},"end":{"line":101,"column":3}},"type":"if","locations":[{"start":{"line":95,"column":2},"end":{"line":101,"column":3}},{"start":{"line":95,"column":2},"end":{"line":101,"column":3}}],"line":95},"12":{"loc":{"start":{"line":97,"column":9},"end":{"line":101,"column":3}},"type":"if","locations":[{"start":{"line":97,"column":9},"end":{"line":101,"column":3}},{"start":{"line":97,"column":9},"end":{"line":101,"column":3}}],"line":97},"13":{"loc":{"start":{"line":125,"column":9},"end":{"line":127,"column":9}},"type":"if","locations":[{"start":{"line":125,"column":9},"end":{"line":127,"column":9}},{"start":{"line":125,"column":9},"end":{"line":127,"column":9}}],"line":125}},"s":{"0":1,"1":1,"2":11,"3":3,"4":8,"5":1,"6":7,"7":1,"8":6,"9":1,"10":21,"11":2,"12":19,"13":1,"14":18,"15":18,"16":92,"17":7,"18":11,"19":1,"20":2,"21":2,"22":2,"23":12,"24":7,"25":2,"26":1,"27":1,"28":1,"29":1,"30":15,"31":1,"32":14,"33":4,"34":10,"35":2,"36":8,"37":1,"38":1,"39":2,"40":2,"41":2,"42":16,"43":1,"44":15,"45":2,"46":13,"47":2,"48":1,"49":3,"50":3,"51":3,"52":3,"53":7,"54":7,"55":14,"56":6,"57":3,"58":1},"f":{"0":11,"1":21,"2":2,"3":1,"4":2,"5":3},"b":{"0":[3,8],"1":[1,7],"2":[1,6],"3":[2,19],"4":[21,20],"5":[1,18],"6":[7,85],"7":[7,5],"8":[1,14],"9":[4,10],"10":[2,8],"11":[1,15],"12":[2,13],"13":[6,8]},"_coverageSchema":"43e27e138ebf9cfc5966b082cf9a028302ed4184","hash":"144af50c06a8924d0ba4425156900865a5e86176"}
}
