TN:
SF:/home/siva/Documents/testunit/tp-jest/src/interval.js
FN:2,(anonymous_0)
FN:7,(anonymous_1)
FN:25,(anonymous_2)
FN:45,(anonymous_3)
FN:65,(anonymous_4)
FN:91,(anonymous_5)
FN:111,(anonymous_6)
FNF:7
FNH:4
FNDA:11,(anonymous_0)
FNDA:0,(anonymous_1)
FNDA:3,(anonymous_2)
FNDA:2,(anonymous_3)
FNDA:1,(anonymous_4)
FNDA:0,(anonymous_5)
FNDA:0,(anonymous_6)
DA:3,11
DA:4,11
DA:8,0
DA:26,3
DA:46,2
DA:66,1
DA:67,1
DA:68,1
DA:70,0
DA:72,1
DA:116,1
LF:11
LH:9
BRDA:26,0,0,3
BRDA:26,0,1,2
BRDA:46,1,0,2
BRDA:46,1,1,2
BRDA:67,2,0,1
BRDA:67,2,1,0
BRDA:68,3,0,1
BRDA:68,3,1,0
BRDA:68,4,0,1
BRDA:68,4,1,0
BRF:10
BRH:7
end_of_record
TN:
SF:/home/siva/Documents/testunit/tp-jest/src/math.js
FN:2,(anonymous_0)
FN:26,(anonymous_1)
FN:49,(anonymous_2)
FN:71,(anonymous_3)
FN:91,(anonymous_4)
FN:119,(anonymous_5)
FNF:6
FNH:6
FNDA:11,(anonymous_0)
FNDA:21,(anonymous_1)
FNDA:2,(anonymous_2)
FNDA:1,(anonymous_3)
FNDA:2,(anonymous_4)
FNDA:3,(anonymous_5)
DA:1,1
DA:2,1
DA:3,11
DA:4,3
DA:7,8
DA:8,1
DA:11,7
DA:12,1
DA:15,6
DA:26,1
DA:27,21
DA:28,2
DA:30,19
DA:31,1
DA:33,18
DA:34,92
DA:35,11
DA:49,1
DA:50,2
DA:51,2
DA:52,12
DA:53,7
DA:56,2
DA:71,1
DA:72,1
DA:73,1
DA:74,15
DA:75,14
DA:76,10
DA:77,8
DA:79,1
DA:91,1
DA:92,2
DA:94,2
DA:95,16
DA:96,1
DA:97,15
DA:98,2
DA:100,13
DA:104,2
DA:119,1
DA:120,3
DA:121,3
DA:123,3
DA:124,7
DA:125,14
DA:126,6
DA:131,3
DA:134,1
LF:49
LH:49
BRDA:3,0,0,3
BRDA:3,0,1,8
BRDA:7,1,0,1
BRDA:7,1,1,7
BRDA:11,2,0,1
BRDA:11,2,1,6
BRDA:27,3,0,2
BRDA:27,3,1,19
BRDA:27,4,0,21
BRDA:27,4,1,20
BRDA:30,5,0,1
BRDA:30,5,1,18
BRDA:34,6,0,7
BRDA:34,6,1,85
BRDA:52,7,0,7
BRDA:52,7,1,5
BRDA:74,8,0,1
BRDA:74,8,1,14
BRDA:75,9,0,4
BRDA:75,9,1,10
BRDA:76,10,0,2
BRDA:76,10,1,8
BRDA:95,11,0,1
BRDA:95,11,1,15
BRDA:97,12,0,2
BRDA:97,12,1,13
BRDA:125,13,0,6
BRDA:125,13,1,8
BRF:28
BRH:28
end_of_record
